<?xml version="1.0" encoding="UTF-8"?>
<!-- Generated by org.testng.reporters.JUnitXMLReporter -->
<testsuite ignored="2" hostname="DESKTOP-0K174MB" failures="0" tests="1" name="Default test" time="0.082" errors="0" timestamp="2025-07-18T14:55:50 IST">
  <testcase classname="Practicing.SampleReportTest" name="createContactWithOrg" time="0.022"/>
  <testcase classname="Practicing.SampleReportTest" name="createContact" time="0.0">
    <ignored/>
  </testcase> <!-- createContact -->
  <testcase classname="Practicing.SampleReportTest" name="createContactWithPhoneNumber" time="0.0">
    <ignored/>
  </testcase> <!-- createContactWithPhoneNumber -->
</testsuite> <!-- Default test -->
