<?xml version="1.0" encoding="UTF-8"?>
<testng-results ignored="2" total="3" passed="1" failed="0" skipped="0">
  <reporter-output>
  </reporter-output>
  <suite started-at="2025-07-18T14:55:50 IST" name="Default suite" finished-at="2025-07-18T14:55:50 IST" duration-ms="82">
    <groups>
    </groups>
    <test started-at="2025-07-18T14:55:50 IST" name="Default test" finished-at="2025-07-18T14:55:50 IST" duration-ms="82">
      <class name="Practicing.SampleReportTest">
        <test-method is-config="true" signature="configBS()[pri:0, instance:Practicing.SampleReportTest@66d18979]" started-at="2025-07-18T14:55:49 IST" name="configBS" finished-at="2025-07-18T14:55:50 IST" duration-ms="356" status="PASS">
          <reporter-output>
          </reporter-output>
        </test-method> <!-- configBS -->
        <test-method signature="createContactWithOrg()[pri:0, instance:Practicing.SampleReportTest@66d18979]" started-at="2025-07-18T14:55:50 IST" name="createContactWithOrg" finished-at="2025-07-18T14:55:50 IST" duration-ms="22" status="PASS">
          <reporter-output>
          </reporter-output>
        </test-method> <!-- createContactWithOrg -->
        <test-method is-config="true" signature="configAS()[pri:0, instance:Practicing.SampleReportTest@66d18979]" started-at="2025-07-18T14:55:50 IST" name="configAS" finished-at="2025-07-18T14:55:50 IST" duration-ms="353" status="PASS">
          <reporter-output>
          </reporter-output>
        </test-method> <!-- configAS -->
      </class> <!-- Practicing.SampleReportTest -->
    </test> <!-- Default test -->
  </suite> <!-- Default suite -->
</testng-results>
